core-network/build/intermediates/manifest_merge_blame_file/debug/manifest-merger-blame-debug-report.txt
1<?xml version="1.0" encoding="utf-8"?>
2<manifest xmlns:android="http://schemas.android.com/apk/res/android"
3    package="com.luislabs.core_network" >
4
5    <uses-sdk
6        android:minSdkVersion="24"
6-->src\main\AndroidManifest.xml
7        android:targetSdkVersion="33" />
7-->src\main\AndroidManifest.xml
8
9    <application
9-->src\main\AndroidManifest.xml:4:5-9:53
10        android:allowBackup="true"
10-->src\main\AndroidManifest.xml:5:9-35
11        android:icon="@mipmap/ic_launcher"
11-->src\main\AndroidManifest.xml:6:9-43
12        android:label="@string/app_name"
12-->src\main\AndroidManifest.xml:7:9-41
13        android:supportsRtl="true"
13-->src\main\AndroidManifest.xml:8:9-35
14        android:theme="@style/Theme.MoviesBrasil" />
14-->src\main\AndroidManifest.xml:9:9-50
15
16</manifest>